mylibrarys/build/intermediates/manifest_merge_blame_file/debug/manifest-merger-blame-debug-report.txt
1<?xml version="1.0" encoding="utf-8"?>
2<manifest xmlns:android="http://schemas.android.com/apk/res/android"
3    package="com.animatakar.mysuperlibs" >
4
5    <uses-sdk
6        android:minSdkVersion="21"
6-->src/main/AndroidManifest.xml
7        android:targetSdkVersion="32" />
7-->src/main/AndroidManifest.xml
8
9    <uses-permission android:name="android.permission.INTERNET" />
9-->src/main/AndroidManifest.xml:5:5-67
9-->src/main/AndroidManifest.xml:5:22-64
10    <uses-permission android:name="android.permission.ACCESS_NETWORK_STATE" />
10-->src/main/AndroidManifest.xml:6:5-79
10-->src/main/AndroidManifest.xml:6:22-76
11    <uses-permission android:name="android.permission.ACCESS_WIFI_STATE" />
11-->src/main/AndroidManifest.xml:7:5-76
11-->src/main/AndroidManifest.xml:7:22-73
12    <uses-permission android:name="android.permission.CHANGE_WIFI_STATE" />
12-->src/main/AndroidManifest.xml:8:5-76
12-->src/main/AndroidManifest.xml:8:22-73
13    <uses-permission android:name="com.google.android.gms.permission.AD_ID" />
13-->src/main/AndroidManifest.xml:9:5-79
13-->src/main/AndroidManifest.xml:9:22-76
14
15    <application android:name="com.animatakar.mysuperlibs.MyProHelperClass" >
15-->src/main/AndroidManifest.xml:11:5-28:19
15-->src/main/AndroidManifest.xml:11:18-76
16        <activity
16-->src/main/AndroidManifest.xml:12:9-14:40
17            android:name="com.animatakar.mysuperlibs.InternetErrorActivity"
17-->src/main/AndroidManifest.xml:13:13-76
18            android:exported="false" />
18-->src/main/AndroidManifest.xml:14:13-37
19        <activity android:name="com.animatakar.mysuperlibs.UpdateAppActivity" />
19-->src/main/AndroidManifest.xml:15:9-81
19-->src/main/AndroidManifest.xml:15:19-78
20        <activity android:name="com.animatakar.mysuperlibs.Splash" />
20-->src/main/AndroidManifest.xml:16:9-70
20-->src/main/AndroidManifest.xml:16:19-67
21        <activity android:name="com.animatakar.mysuperlibs.CustomAdsActivity" />
21-->src/main/AndroidManifest.xml:17:9-81
21-->src/main/AndroidManifest.xml:17:19-78
22
23        <meta-data
23-->src/main/AndroidManifest.xml:19:9-21:36
24            android:name="com.google.android.gms.ads.AD_MANAGER_APP"
24-->src/main/AndroidManifest.xml:20:13-69
25            android:value="true" />
25-->src/main/AndroidManifest.xml:21:13-33
26        <meta-data
26-->src/main/AndroidManifest.xml:22:9-24:118
27            android:name="applovin.sdk.key"
27-->src/main/AndroidManifest.xml:23:13-44
28            android:value="hAz0OyapTQMb74khXQVpGHuUrMFGw2nJXTkBpwTfXSXR_WriZNVIiaeACmg4tKoKRiEaFXu5OfKid41Zc3UPUA" />
28-->src/main/AndroidManifest.xml:24:13-115
29        <meta-data
29-->src/main/AndroidManifest.xml:25:9-27:36
30            android:name="applovin.sdk.verbose_logging"
30-->src/main/AndroidManifest.xml:26:13-56
31            android:value="true" />
31-->src/main/AndroidManifest.xml:27:13-33
32    </application>
33
34</manifest>